2026-05-09 11:39:47,095 - [INFO] - 程序启动
2026-05-09 11:39:47,096 - [INFO] - 检查间隔: 10秒
2026-05-09 11:39:47,096 - [INFO] - 点击间隔: 1.0秒
2026-05-09 11:39:47,096 - [INFO] - 缓冲时间: 1.5秒
2026-05-09 11:39:47,096 - [INFO] - 刷新间隔: 300秒
2026-05-09 11:39:47,096 - [INFO] - 点击抖动配置 - 对话框: 15像素, 输入框: 10像素, 发送按钮: 8像素, 空白区域: 20像素, 清除未读消息: 5像素, 确认清除: 5像素, 刷新按钮: 10像素
2026-05-09 11:39:47,096 - [INFO] - 检查新消息...
2026-05-09 11:39:47,101 - [INFO] - 未检测到新消息
2026-05-09 11:39:47,102 - [INFO] - 等待 14.02 秒后再次检查...
2026-05-09 11:40:01,125 - [INFO] - 检查新消息...
2026-05-09 11:40:01,127 - [INFO] - 未检测到新消息
2026-05-09 11:40:01,127 - [INFO] - 等待 10.01 秒后再次检查...
2026-05-09 11:40:11,138 - [INFO] - 检查新消息...
2026-05-09 11:40:11,144 - [INFO] - 未检测到新消息
2026-05-09 11:40:11,144 - [INFO] - 等待 13.68 秒后再次检查...
2026-05-09 11:40:24,822 - [INFO] - 检查新消息...
2026-05-09 11:40:24,827 - [INFO] - 未检测到新消息
2026-05-09 11:40:24,827 - [INFO] - 等待 12.65 秒后再次检查...
2026-05-09 11:40:37,483 - [INFO] - 检查新消息...
2026-05-09 11:40:37,486 - [INFO] - 未检测到新消息
2026-05-09 11:40:37,486 - [INFO] - 等待 10.06 秒后再次检查...
2026-05-09 11:40:47,547 - [INFO] - 检查新消息...
2026-05-09 11:40:47,552 - [INFO] - 未检测到新消息
2026-05-09 11:40:47,553 - [INFO] - 等待 11.24 秒后再次检查...
2026-05-09 11:40:58,792 - [INFO] - 检查新消息...
2026-05-09 11:40:58,794 - [INFO] - 未检测到新消息
2026-05-09 11:40:58,795 - [INFO] - 等待 13.96 秒后再次检查...
